Using pre-set license
Built from '2021.1/staging' branch; Version is '2021.1.7f1 (d91830b65d9b) revision 14227504'; Using compiler version '192528614'; Build Type 'Release'
OS: 'Windows 10 Home; OS build 19042.985; Version 2009; 64bit' Language: 'en' Physical Memory: 16300 MB
BatchMode: 1, IsHumanControllingUs: 0, StartBugReporterOnCrash: 0, Is64bit: 1, IsPro: 0

 COMMAND LINE ARGUMENTS:
D:\Unity Editors\2021.1.7f1\Editor\Unity.exe
-adb2
-batchMode
-noUpm
-name
AssetImportWorker0
-projectPath
D:/Documents/GitHub/FPS-Game/FPS Game Project File/FPS Game
-logFile
Logs/AssetImportWorker0.log
-srvPort
56702
Successfully changed project path to: D:/Documents/GitHub/FPS-Game/FPS Game Project File/FPS Game
D:/Documents/GitHub/FPS-Game/FPS Game Project File/FPS Game
Using Asset Import Pipeline V2.
Refreshing native plugins compatible for Editor in 19.99 ms, found 0 plugins.
Preloading 0 native plugins for Editor in 0.00 ms.
Initialize engine version: 2021.1.7f1 (d91830b65d9b)
[Subsystems] Discovering subsystems at path D:/Unity Editors/2021.1.7f1/Editor/Data/Resources/UnitySubsystems
[Subsystems] Discovering subsystems at path D:/Documents/GitHub/FPS-Game/FPS Game Project File/FPS Game/Assets
GfxDevice: creating device client; threaded=0; jobified=0
Direct3D:
    Version:  Direct3D 11.0 [level 11.1]
    Renderer: NVIDIA GeForce RTX 3070 (ID=0x2484)
    Vendor:   NVIDIA
    VRAM:     8043 MB
    Driver:   27.21.14.6192
Initialize mono
Mono path[0] = 'D:/Unity Editors/2021.1.7f1/Editor/Data/Managed'
Mono path[1] = 'D:/Unity Editors/2021.1.7f1/Editor/Data/MonoBleedingEdge/lib/mono/unityjit'
Mono config path = 'D:/Unity Editors/2021.1.7f1/Editor/Data/MonoBleedingEdge/etc'
Using monoOptions --debugger-agent=transport=dt_socket,embedding=1,server=y,suspend=n,address=127.0.0.1:56524
Begin MonoManager ReloadAssembly
Registering precompiled unity dll's ...
Register platform support module: D:/Unity Editors/2021.1.7f1/Editor/Data/PlaybackEngines/WebGLSupport/UnityEditor.WebGL.Extensions.dll
Register platform support module: D:/Unity Editors/2021.1.7f1/Editor/Data/PlaybackEngines/WindowsStandaloneSupport/UnityEditor.WindowsStandalone.Extensions.dll
Registered in 0.001366 seconds.
Native extension for WindowsStandalone target not found
Native extension for WebGL target not found
Refreshing native plugins compatible for Editor in 22.02 ms, found 0 plugins.
Preloading 0 native plugins for Editor in 0.00 ms.
Mono: successfully reloaded assembly
- Completed reload, in  1.875 seconds
Platform modules already initialized, skipping
Registering precompiled user dll's ...
Registered in 0.000576 seconds.
Begin MonoManager ReloadAssembly
Native extension for WindowsStandalone target not found
Native extension for WebGL target not found
Refreshing native plugins compatible for Editor in 0.28 ms, found 0 plugins.
Preloading 0 native plugins for Editor in 0.00 ms.
Mono: successfully reloaded assembly
- Completed reload, in  0.928 seconds
Platform modules already initialized, skipping
========================================================================
Worker process is ready to serve import requests
Launched and connected shader compiler UnityShaderCompiler.exe after 0.05 seconds
Refreshing native plugins compatible for Editor in 0.23 ms, found 0 plugins.
Preloading 0 native plugins for Editor in 0.00 ms.
Unloading 1125 Unused Serialized files (Serialized files now loaded: 0)
System memory in use before: 58.2 MB.
System memory in use after: 58.3 MB.

Unloading 9 unused Assets to reduce memory usage. Loaded Objects now: 1583.
Total: 1.542200 ms (FindLiveObjects: 0.119400 ms CreateObjectMapping: 0.037600 ms MarkObjects: 1.339200 ms  DeleteObjects: 0.045100 ms)

========================================================================
Received Import Request.
  path: Assets
  artifactKey: Guid(00000000000000001000000000000000) Importer(815301076,1909f56bfc062723c751e8b465ee728b)
Start importing Assets using Guid(00000000000000001000000000000000) Importer(815301076,1909f56bfc062723c751e8b465ee728b)  -> (artifact id: '42d402b061de3733987d63b9cc3b64de') in 0.008269 seconds 
========================================================================
Received Import Request.
  Time since last request: 74.853904 seconds.
  path: Assets/Scenes/SampleScene.unity
  artifactKey: Guid(9fc0d4010bbf28b4594072e72b8655ab) Importer(2089858483,934ff659095e30574adcf32a4c2f97b5)
Start importing Assets/Scenes/SampleScene.unity using Guid(9fc0d4010bbf28b4594072e72b8655ab) Importer(2089858483,934ff659095e30574adcf32a4c2f97b5)  -> (artifact id: '8566b2e25777c0f1448f7874b31bec20') in 0.050419 seconds 
========================================================================
Received Import Request.
  Time since last request: 106.437506 seconds.
  path: Assets/Control3Fixed (1).cs
  artifactKey: Guid(b6d322002d927af4ea8ff9d9a5229a93) Importer(2089858483,934ff659095e30574adcf32a4c2f97b5)
Start importing Assets/Control3Fixed (1).cs using Guid(b6d322002d927af4ea8ff9d9a5229a93) Importer(2089858483,934ff659095e30574adcf32a4c2f97b5)  -> (artifact id: 'ddfd28fc34616ffbafa13ffe9de1228a') in 0.026019 seconds 
========================================================================
Received Prepare
Registering precompiled user dll's ...
Registered in 0.000473 seconds.
Begin MonoManager ReloadAssembly
Native extension for WindowsStandalone target not found
Native extension for WebGL target not found
Refreshing native plugins compatible for Editor in 0.20 ms, found 0 plugins.
Preloading 0 native plugins for Editor in 0.00 ms.
Mono: successfully reloaded assembly
- Completed reload, in  0.662 seconds
Platform modules already initialized, skipping
Refreshing native plugins compatible for Editor in 0.15 ms, found 0 plugins.
Preloading 0 native plugins for Editor in 0.00 ms.
Unloading 1120 Unused Serialized files (Serialized files now loaded: 0)
System memory in use before: 58.1 MB.
System memory in use after: 58.2 MB.

Unloading 4 unused Assets to reduce memory usage. Loaded Objects now: 1587.
Total: 1.466600 ms (FindLiveObjects: 0.102700 ms CreateObjectMapping: 0.022800 ms MarkObjects: 1.328300 ms  DeleteObjects: 0.011700 ms)

========================================================================
Received Import Request.
  Time since last request: 3.369719 seconds.
  path: Assets/Control3Fixed (1).cs
  artifactKey: Guid(b6d322002d927af4ea8ff9d9a5229a93) Importer(815301076,1909f56bfc062723c751e8b465ee728b)
Start importing Assets/Control3Fixed (1).cs using Guid(b6d322002d927af4ea8ff9d9a5229a93) Importer(815301076,1909f56bfc062723c751e8b465ee728b)  -> (artifact id: '2d5d03052494a6ba2fb93053dd423949') in 0.007107 seconds 
========================================================================
Received Import Request.
  Time since last request: 166.810230 seconds.
  path: Assets/Control3.cs
  artifactKey: Guid(b6d322002d927af4ea8ff9d9a5229a93) Importer(815301076,1909f56bfc062723c751e8b465ee728b)
Start importing Assets/Control3.cs using Guid(b6d322002d927af4ea8ff9d9a5229a93) Importer(815301076,1909f56bfc062723c751e8b465ee728b)  -> (artifact id: '5c1a8f41aa4e0552d4733d2abdc0f6b5') in 0.005611 seconds 
========================================================================
Received Prepare
Registering precompiled user dll's ...
Registered in 0.000470 seconds.
Begin MonoManager ReloadAssembly
Native extension for WindowsStandalone target not found
Native extension for WebGL target not found
Refreshing native plugins compatible for Editor in 0.19 ms, found 0 plugins.
Preloading 0 native plugins for Editor in 0.00 ms.
Mono: successfully reloaded assembly
- Completed reload, in  0.669 seconds
Platform modules already initialized, skipping
Refreshing native plugins compatible for Editor in 0.20 ms, found 0 plugins.
Preloading 0 native plugins for Editor in 0.00 ms.
Unloading 1120 Unused Serialized files (Serialized files now loaded: 0)
System memory in use before: 58.1 MB.
System memory in use after: 58.2 MB.

Unloading 4 unused Assets to reduce memory usage. Loaded Objects now: 1590.
Total: 1.654400 ms (FindLiveObjects: 0.127400 ms CreateObjectMapping: 0.033200 ms MarkObjects: 1.480100 ms  DeleteObjects: 0.012700 ms)

========================================================================
Received Prepare
Registering precompiled user dll's ...
Registered in 0.000473 seconds.
Begin MonoManager ReloadAssembly
Native extension for WindowsStandalone target not found
Native extension for WebGL target not found
Refreshing native plugins compatible for Editor in 0.19 ms, found 0 plugins.
Preloading 0 native plugins for Editor in 0.00 ms.
Mono: successfully reloaded assembly
- Completed reload, in  0.675 seconds
Platform modules already initialized, skipping
Refreshing native plugins compatible for Editor in 0.14 ms, found 0 plugins.
Preloading 0 native plugins for Editor in 0.00 ms.
Unloading 1120 Unused Serialized files (Serialized files now loaded: 0)
System memory in use before: 58.1 MB.
System memory in use after: 58.2 MB.

Unloading 4 unused Assets to reduce memory usage. Loaded Objects now: 1593.
Total: 1.505500 ms (FindLiveObjects: 0.103800 ms CreateObjectMapping: 0.022900 ms MarkObjects: 1.366900 ms  DeleteObjects: 0.011100 ms)

========================================================================
Received Import Request.
  Time since last request: 24.980252 seconds.
  path: Assets/Control3.cs
  artifactKey: Guid(b6d322002d927af4ea8ff9d9a5229a93) Importer(815301076,1909f56bfc062723c751e8b465ee728b)
Start importing Assets/Control3.cs using Guid(b6d322002d927af4ea8ff9d9a5229a93) Importer(815301076,1909f56bfc062723c751e8b465ee728b)  -> (artifact id: 'e85aafe27763757a96959cbc20007ea4') in 0.003056 seconds 
